Row with values: DevProx, Mashudu, 4198784578420, 1989-1-10
                        inserted successfullyRow with values: Millie, Mulalo, 1306995049164, 2006-7-7
                        inserted successfullyRow with values: Gilfoyle, Sagdiev, 2465167343273, 1981-5-22
                        inserted successfullyRow with values: Gabe, Burr, 2536085666281, 1996-10-20
                        inserted successfullyRow with values: Emily, Mashudu, 7665167943039, 1970-4-3
                        inserted successfullyRow with values: Adrian, San, 3088359003623, 2013-6-3
                        inserted successfullyRow with values: Nelson, Bighetti, 4342681945316, 1950-1-8
                        inserted successfullyRow with values: Nelson, Yang, 8827862507599, 2007-3-23
                        inserted successfullyRow with values: Adrian, Burr, 1375634497900, 1950-8-16
                        inserted successfullyRow with values: Bill, Anderson, 6469131797511, 1954-9-12
                        inserted successfullyRow with values: Saint, Bean, 1512513595687, 1981-6-6
                        inserted successfullyRow with values: Sofia, Mulalo, 2261536469618, 1982-1-23
                        inserted successfullyRow with values: DevProx, Yang, 5592602165754, 2015-4-8
                        inserted successfullyRow with values: Adrian, Sifhufhi, 8357761558073, 2007-8-26
                        inserted successfullyRow with values: Gundo, Hall, 7038681433736, 1956-3-1
                        inserted successfullyRow with values: Aria, San, 4396229830821, 1975-3-25
                        inserted successfullyRow with values: Sofia, Bean, 3582214478852, 1973-3-6
                        inserted successfullyRow with values: Millie, San, 1456948838211, 1955-12-3
                        inserted successfullyRow with values: Bill, Garcia, 3335421114504, 1990-3-22
                        inserted successfullyRow with values: Nelson, Burr, 3400304233995, 2008-6-18
                        inserted successfullyRow with values: Saint, Carlin, 3586022418446, 1997-12-6
                        inserted successfullyRow with values: Ava, Yang, 4780160904503, 1994-1-28
                        inserted successfullyRow with values: Ava, Yang, 4302108396926, 2014-5-7
                        inserted successfullyRow with values: Borat, Anderson, 2535010019440, 1962-8-25
                        inserted successfullyRow with values: Emily, SanHacks, 5746331893309, 2017-8-7
                        inserted successfullyRow with values: Aria, Jackson, 2013034388652, 1977-11-2
                        inserted successfullyRow with values: Jian, Garcia, 7238256300178, 2002-1-3
                        inserted successfullyRow with values: Seth, Rogen, 9100919253796, 1997-10-7
                        inserted successfullyRow with values: Aria, Carlin, 2207198637405, 2004-3-28
                        inserted successfullyRow with values: Sofia, Betram, 9542042557468, 1975-5-19
                        inserted successfullyRow with values: Sofia, Sagdiev, 7479867873832, 1994-2-17
                        inserted successfullyRow with values: Nelson, Sagdiev, 4662021780473, 1980-1-11
                        inserted successfullyRow with values: Ava, Martinez, 9051916493861, 1989-6-2
                        inserted successfullyRow with values: Gilfoyle, Jackson, 4646959093960, 1966-9-12
                        inserted successfullyRow with values: Evelyn, Swanson, 6302456101168, 1962-9-21
                        inserted successfullyRow with values: Adrian, Mulalo, 3613119878341, 1956-7-6
                        inserted successfullyRow with values: Bill, Yang, 4465868610711, 1956-3-1
                        inserted successfullyRow with values: Sofia, Hall, 1207603382295, 2009-7-7
                        inserted successfullyRow with values: Gabe, Carlin, 2665535904446, 1951-9-8
                        inserted successfullyRow with values: Gundo, Martinez, 2513643825936, 1976-2-15
                        inserted successfullyRow with values: Gilfoyle, Swanson, 8212211418894, 1991-5-28
                        inserted successfullyRow with values: Nelson, Mulalo, 3922069592822, 1997-6-10
                        inserted successfullyRow with values: Ron, Yang, 2656982070197, 1961-6-9
                        inserted successfullyRow with values: DevProx, Martin, 9604949404527, 1950-7-5
                        inserted successfullyRow with values: Bill, Burr, 1047093797624, 1980-7-7
                        inserted successfullyRow with values: Amelia, San, 8325003998225, 1964-11-10
                        inserted successfullyRow with values: Millie, Martin, 3392995113239, 1994-6-8
                        inserted successfullyRow with values: Adrian, Martin, 3385732477179, 2017-12-10
                        inserted successfullyRow with values: Seth, Betram, 3283694169902, 1986-9-12
                        inserted successfullyRow with values: Emily, Rogen, 4924739381021, 1978-2-15
                        inserted successfullyID number already exists in the databaseID number already exists in the databaseID number already exists in the databaseID number already exists in the databaseID number already exists in the databaseID number already exists in the databaseID number already exists in the databaseID number already exists in the databaseID number already exists in the databaseID number already exists in the databaseID number already exists in the databaseID number already exists in the databaseID number already exists in the databaseID number already exists in the databaseID number already exists in the databaseID number already exists in the databaseID number already exists in the databaseID number already exists in the databaseID number already exists in the databaseID number already exists in the databaseID number already exists in the databaseID number already exists in the databaseID number already exists in the databaseID number already exists in the databaseID number already exists in the databaseID number already exists in the databaseID number already exists in the databaseID number already exists in the databaseID number already exists in the databaseID number already exists in the databaseID number already exists in the databaseID number already exists in the databaseID number already exists in the databaseID number already exists in the databaseID number already exists in the databaseID number already exists in the databaseID number already exists in the databaseID number already exists in the databaseID number already exists in the databaseID number already exists in the databaseID number already exists in the databaseID number already exists in the databaseID number already exists in the databaseID number already exists in the databaseID number already exists in the databaseID number already exists in the databaseID number already exists in the databaseID number already exists in the databaseID number already exists in the databaseID number already exists in the databaseID number already exists in the databaseID number already exists in the databaseID number already exists in the databaseID number already exists in the databaseID number already exists in the databaseID number already exists in the databaseID number already exists in the databaseID number already exists in the databaseID number already exists in the databaseID number already exists in the databaseID number already exists in the databaseID number already exists in the databaseID number already exists in the databaseID number already exists in the databaseID number already exists in the databaseID number already exists in the databaseID number already exists in the databaseID number already exists in the databaseID number already exists in the databaseID number already exists in the databaseID number already exists in the databaseID number already exists in the databaseID number already exists in the databaseID number already exists in the databaseID number already exists in the databaseID number already exists in the databaseID number already exists in the databaseID number already exists in the databaseID number already exists in the databaseID number already exists in the databaseID number already exists in the databaseID number already exists in the databaseID number already exists in the databaseID number already exists in the databaseID number already exists in the databaseID number already exists in the databaseID number already exists in the databaseID number already exists in the databaseID number already exists in the databaseID number already exists in the databaseID number already exists in the databaseID number already exists in the databaseID number already exists in the databaseID number already exists in the databaseID number already exists in the databaseID number already exists in the databaseID number already exists in the databaseID number already exists in the databaseID number already exists in the databaseID number already exists in the databaseID number already exists in the databaseID number already exists in the databaseID number already exists in the databaseID number already exists in the databaseID number already exists in the databaseID number already exists in the databaseID number already exists in the databaseID number already exists in the databaseID number already exists in the databaseID number already exists in the databaseID number already exists in the databaseID number already exists in the databaseID number already exists in the databaseID number already exists in the databaseID number already exists in the databaseID number already exists in the databaseID number already exists in the databaseID number already exists in the databaseID number already exists in the databaseID number already exists in the databaseID number already exists in the databaseID number already exists in the databaseID number already exists in the databaseID number already exists in the databaseID number already exists in the databaseID number already exists in the databaseID number already exists in the databaseID number already exists in the databaseID number already exists in the databaseID number already exists in the databaseID number already exists in the databaseID number already exists in the databaseID number already exists in the databaseID number already exists in the databaseID number already exists in the databaseID number already exists in the databaseID number already exists in the databaseID number already exists in the databaseID number already exists in the databaseID number already exists in the databaseID number already exists in the databaseID number already exists in the databaseID number already exists in the databaseID number already exists in the databaseID number already exists in the databaseID number already exists in the databaseID number already exists in the databaseID number already exists in the databaseID number already exists in the databaseID number already exists in the databaseID number already exists in the databaseID number already exists in the databaseID number already exists in the databaseID number already exists in the databaseID number already exists in the databaseID number already exists in the databaseID number already exists in the databaseID number already exists in the databaseID number already exists in the databaseID number already exists in the databaseID number already exists in the databaseID number already exists in the databaseID number already exists in the databaseID number already exists in the databaseID number already exists in the databaseID number already exists in the databaseID number already exists in the databaseID number already exists in the databaseID number already exists in the databaseID number already exists in the databaseID number already exists in the databaseID number already exists in the databaseID number already exists in the databaseID number already exists in the databaseID number already exists in the databaseID number already exists in the databaseID number already exists in the databaseID number already exists in the databaseID number already exists in the databaseID number already exists in the databaseID number already exists in the databaseID number already exists in the databaseID number already exists in the databaseID number already exists in the databaseID number already exists in the databaseID number already exists in the databaseID number already exists in the databaseID number already exists in the databaseID number already exists in the databaseID number already exists in the databaseID number already exists in the databaseID number already exists in the databaseID number already exists in the databaseID number already exists in the databaseID number already exists in the databaseID number already exists in the databaseID number already exists in the databaseID number already exists in the databaseID number already exists in the databaseID number already exists in the databaseID number already exists in the databaseID number already exists in the databaseID number already exists in the databaseID number already exists in the databaseID number already exists in the databaseID number already exists in the databaseID number already exists in the databaseID number already exists in the databaseID number already exists in the databaseID number already exists in the databaseID number already exists in the databaseID number already exists in the databaseID number already exists in the databaseID number already exists in the databaseID number already exists in the databaseID number already exists in the databaseID number already exists in the databaseID number already exists in the databaseID number already exists in the databaseID number already exists in the databaseID number already exists in the databaseID number already exists in the databaseID number already exists in the databaseID number already exists in the databaseID number already exists in the databaseID number already exists in the databaseID number already exists in the databaseID number already exists in the databaseID number already exists in the databaseID number already exists in the databaseID number already exists in the databaseID number already exists in the databaseID number already exists in the databaseID number already exists in the databaseID number already exists in the databaseID number already exists in the databaseID number already exists in the databaseID number already exists in the databaseID number already exists in the databaseID number already exists in the databaseID number already exists in the databaseID number already exists in the databaseID number already exists in the databaseID number already exists in the databaseID number already exists in the databaseID number already exists in the databaseID number already exists in the databaseID number already exists in the databaseID number already exists in the databaseID number already exists in the databaseRow with values: DevProx, Mulalo, 7960694212959, 2015-7-11
                        inserted successfullyRow with values: Sofia, Burr, 6281560256342, 1982-10-9
                        inserted successfullyRow with values: Aria, Swanson, 7616760455839, 1969-8-10
                        inserted successfullyRow with values: Saint, Sagdiev, 7951472435473, 2016-10-23
                        inserted successfullyRow with values: Saint, Bean, 3098457922230, 2003-9-4
                        inserted successfullyRow with values: Emily, Yang, 4253672917461, 1964-11-22
                        inserted successfullyRow with values: Adrian, Sagdiev, 9577407004303, 1951-7-27
                        inserted successfullyRow with values: Jian, Yang, 4214524231529, 1978-1-21
                        inserted successfullyRow with values: Aria, Carlin, 5662320417285, 1952-12-9
                        inserted successfullyRow with values: Saint, SanHacks, 9485520738203, 2015-10-5
                        inserted successfullyRow with values: Emily, Hall, 4930697712000, 1987-4-5
                        inserted successfullyRow with values: Aria, Sifhufhi, 5086659063838, 2015-2-10
                        inserted successfullyRow with values: Sofia, Garcia, 1536782850763, 1964-2-20
                        inserted successfullyRow with values: DevProx, Swanson, 8309048410207, 1968-7-12
                        inserted successfullyRow with values: Saint, Martin, 9882934960213, 1973-12-3
                        inserted successfullyRow with values: Ava, Martinez, 2082068834695, 1959-10-4
                        inserted successfullyRow with values: Bill, Sifhufhi, 4004688246348, 1989-10-5
                        inserted successfullyRow with values: Nelson, Jackson, 8589876120203, 1995-6-11
                        inserted successfullyRow with values: Ron, Swanson, 8996041040814, 1955-9-11
                        inserted successfullyRow with values: Borat, Sagdiev, 3069921601832, 2003-11-3
                        inserted successfullyRow with values: Evelyn, SanHacks, 8864375233717, 2016-12-27
                        inserted successfullyRow with values: Evelyn, Yang, 4742485375689, 2017-3-27
                        inserted successfullyRow with values: Sofia, Bighetti, 7188070103569, 1959-1-24
                        inserted successfullyRow with values: Adrian, Betram, 3368608454424, 2016-10-2
                        inserted successfullyRow with values: Evelyn, Anderson, 4164314636701, 2014-4-25
                        inserted successfullyRow with values: Adrian, Sagdiev, 4536246736491, 2004-12-14
                        inserted successfullyRow with values: Evelyn, Bean, 6636034028790, 2000-7-24
                        inserted successfullyRow with values: Millie, SanHacks, 8510226294607, 2016-2-2
                        inserted successfullyRow with values: Saint, Bean, 4982780635748, 1996-4-13
                        inserted successfullyRow with values: Ron, SanHacks, 6796372155345, 2008-3-6
                        inserted successfullyRow with values: Borat, Garcia, 3883820545277, 1976-1-3
                        inserted successfullyRow with values: Ron, Hall, 7425126994989, 2002-2-20
                        inserted successfullyRow with values: Bill, Jackson, 2842163443508, 1961-6-19
                        inserted successfullyRow with values: Saint, Swanson, 1969704963093, 1955-5-25
                        inserted successfullyRow with values: Helena, Bean, 1148780047049, 1954-12-2
                        inserted successfullyRow with values: Seth, Bean, 3051702767582, 1970-7-10
                        inserted successfullyRow with values: Bill, Hall, 2194583958168, 1984-7-14
                        inserted successfullyRow with values: Jian, Hall, 2843385977773, 1990-9-27
                        inserted successfullyRow with values: Saint, Martin, 8488905342563, 1982-2-22
                        inserted successfullyRow with values: Amelia, Hall, 4354404156365, 2018-12-21
                        inserted successfullyRow with values: Ron, San, 8470239615854, 1963-3-3
                        inserted successfullyRow with values: Millie, Mulalo, 9055849930408, 2013-3-1
                        inserted successfullyRow with values: Bill, Carlin, 9498088907496, 2007-3-11
                        inserted successfullyRow with values: Evelyn, Carlin, 5287969060151, 1958-3-15
                        inserted successfullyRow with values: Ron, Martin, 2005365622200, 1999-1-15
                        inserted successfullyRow with values: Seth, Hall, 5542859531201, 1989-8-5
                        inserted successfullyRow with values: Bill, Swanson, 5448876166659, 1983-11-15
                        inserted successfullyRow with values: Emily, Sagdiev, 5445587534586, 1966-1-4
                        inserted successfullyRow with values: Saint, Mulalo, 7943712594026, 1974-2-9
                        inserted successfullyRow with values: Seth, Hall, 2200973592282, 1971-9-5
                        inserted successfullyRow with values: Ron, Rogen, 9153990339174, 1980-11-20
                        inserted successfullyRow with values: Evelyn, Mashudu, 7148545726404, 1995-2-3
                        inserted successfullyRow with values: Gilfoyle, Mulalo, 4975048357970, 1996-8-16
                        inserted successfullyRow with values: Gilfoyle, Bean, 8614723018607, 2002-8-1
                        inserted successfullyRow with values: Aria, Rogen, 8465934539977, 1954-4-19
                        inserted successfullyRow with values: DevProx, SanHacks, 8434140619814, 2017-9-12
                        inserted successfullyRow with values: Emily, SanHacks, 3959582550264, 1990-5-26
                        inserted successfullyRow with values: Evelyn, San, 9947981731204, 2017-6-14
                        inserted successfullyRow with values: Helena, San, 5726275442763, 1957-7-3
                        inserted successfullyRow with values: Gundo, Swanson, 7430476952053, 1987-12-15
                        inserted successfullyRow with values: Evelyn, Martinez, 5594758675508, 1980-8-11
                        inserted successfullyRow with values: Gabe, Mashudu, 3732345278899, 1981-3-22
                        inserted successfullyRow with values: Helena, Burr, 1250844597324, 1972-9-21
                        inserted successfullyRow with values: Nelson, Mulalo, 2370702641437, 1986-8-22
                        inserted successfullyRow with values: Amelia, Bean, 1680538696029, 1992-8-27
                        inserted successfullyRow with values: Bill, Carlin, 8293251637733, 1960-4-8
                        inserted successfullyRow with values: Sofia, Betram, 7095634301910, 1959-4-3
                        inserted successfullyRow with values: Bill, Hall, 8588464242157, 2013-11-4
                        inserted successfullyRow with values: Jian, Betram, 2566503757194, 2018-12-5
                        inserted successfullyRow with values: Ron, Rogen, 2142691982300, 1956-1-24
                        inserted successfullyRow with values: Aria, San, 4367949190052, 2012-3-9
                        inserted successfullyRow with values: Aria, San, 4386397467646, 1968-3-14
                        inserted successfullyRow with values: Saint, Sifhufhi, 4397697656595, 1969-7-23
                        inserted successfullyRow with values: Borat, Hall, 9117715447043, 1999-10-10
                        inserted successfullyRow with values: Saint, Garcia, 6203133058671, 1997-8-23
                        inserted successfullyRow with values: Evelyn, Anderson, 2653504810140, 1956-9-7
                        inserted successfullyRow with values: Evelyn, Garcia, 7342985476724, 2012-7-25
                        inserted successfullyRow with values: DevProx, Hall, 6374818460743, 2007-12-11
                        inserted successfullyRow with values: Jian, Anderson, 9270080958778, 1959-5-21
                        inserted successfullyRow with values: Millie, Mashudu, 6539012058060, 1953-6-24
                        inserted successfullyRow with values: Emily, Mashudu, 3159559496143, 1963-11-14
                        inserted successfullyRow with values: Evelyn, Carlin, 1075838451338, 1986-9-23
                        inserted successfullyRow with values: Ron, Hall, 8594527771586, 1958-1-8
                        inserted successfullyRow with values: Gabe, Yang, 5531553192659, 1996-2-23
                        inserted successfullyRow with values: Seth, Hall, 1016853411000, 2005-1-23
                        inserted successfullyRow with values: Amelia, Anderson, 5703100328350, 1965-9-17
                        inserted successfullyRow with values: Jian, Bean, 5189308185812, 1994-5-17
                        inserted successfullyRow with values: DevProx, Anderson, 8917698174648, 1994-2-16
                        inserted successfullyRow with values: Evelyn, Burr, 7447629320370, 1984-4-19
                        inserted successfullyRow with values: DevProx, Martin, 9879339573665, 1956-8-2
                        inserted successfullyRow with values: Millie, Jackson, 5198464277325, 1955-5-22
                        inserted successfullyRow with values: Emily, Bean, 9187958859836, 2012-8-5
                        inserted successfullyRow with values: Amelia, San, 8433747808794, 2016-9-21
                        inserted successfullyRow with values: Gilfoyle, Martinez, 7391879399534, 1984-6-20
                        inserted successfullyRow with values: Bill, Hall, 7818086285650, 1994-12-28
                        inserted successfullyRow with values: Ron, Mulalo, 2916351554334, 1981-7-8
                        inserted successfullyRow with values: Aria, Mashudu, 2930182515638, 2004-4-4
                        inserted successfullyRow with values: Emily, Sagdiev, 2421591290280, 1967-7-11
                        inserted successfullyRow with values: Gilfoyle, San, 5145692968236, 1984-10-17
                        inserted successfullyRow with values: Helena, Burr, 8110885948686, 1988-1-24
                        inserted successfullyRow with values: Gundo, Bean, 9199740786639, 2000-1-6
                        inserted successfullyRow with values: Gundo, Yang, 2275738537853, 2015-3-21
                        inserted successfullyRow with values: Ava, Martinez, 4611981919255, 2005-5-1
                        inserted successfullyRow with values: Saint, Sifhufhi, 1245649893045, 1983-9-7
                        inserted successfullyRow with values: Ava, Jackson, 6773221097802, 1953-6-26
                        inserted successfullyRow with values: Bill, Burr, 9086402135506, 1998-6-12
                        inserted successfullyRow with values: DevProx, Sifhufhi, 5638657651937, 1980-8-19
                        inserted successfullyRow with values: Gundo, Bighetti, 1978949760784, 1989-7-28
                        inserted successfullyRow with values: Gilfoyle, Carlin, 5828767948004, 1988-5-12
                        inserted successfullyRow with values: Evelyn, Mashudu, 1854758293008, 2009-2-15
                        inserted successfullyRow with values: Gilfoyle, SanHacks, 5490100335942, 1969-11-5
                        inserted successfullyRow with values: Ron, Bean, 3768838590958, 1962-12-14
                        inserted successfullyRow with values: Aria, Burr, 4036671324263, 2015-7-20
                        inserted successfullyRow with values: Sofia, Betram, 9020187475336, 1975-6-23
                        inserted successfullyRow with values: Ava, Rogen, 7761542980113, 1998-9-14
                        inserted successfullyRow with values: Adrian, Sifhufhi, 9019922813236, 2012-3-13
                        inserted successfullyRow with values: Amelia, Burr, 7283283956581, 1960-9-21
                        inserted successfullyRow with values: Evelyn, Burr, 7819585983815, 2003-5-2
                        inserted successfullyRow with values: Borat, Burr, 5080228435600, 1991-9-1
                        inserted successfullyRow with values: Borat, Hall, 5464724422649, 1973-10-14
                        inserted successfullyRow with values: Emily, Martinez, 2189050685690, 1987-12-17
                        inserted successfullyRow with values: Jian, Burr, 4415197047102, 1961-12-17
                        inserted successfullyRow with values: Jian, Sifhufhi, 7042960373411, 1990-4-26
                        inserted successfullyRow with values: Millie, Mashudu, 9670756148575, 1958-1-5
                        inserted successfullyRow with values: Amelia, Martinez, 4058111978750, 1964-12-7
                        inserted successfullyRow with values: Amelia, Mashudu, 5443070367530, 1962-3-20
                        inserted successfullyRow with values: Ron, Swanson, 5414129652347, 1990-1-5
                        inserted successfullyRow with values: Borat, Jackson, 4843330183312, 1959-5-3
                        inserted successfullyRow with values: Seth, Mulalo, 1360581849981, 1991-11-10
                        inserted successfullyRow with values: Borat, Sifhufhi, 7066082513789, 2007-7-27
                        inserted successfullyRow with values: Gundo, Burr, 2999224980364, 1952-1-4
                        inserted successfullyRow with values: Emily, Garcia, 2016632727236, 1993-6-8
                        inserted successfullyRow with values: Millie, Mulalo, 9988559946227, 1977-3-9
                        inserted successfullyRow with values: Ron, Mashudu, 8333855922481, 1961-9-23
                        inserted successfullyRow with values: Bill, Jackson, 4732442426776, 1958-3-12
                        inserted successfullyRow with values: Gilfoyle, Burr, 8121473183303, 1978-6-14
                        inserted successfullyRow with values: Adrian, Mashudu, 5033985308055, 1969-1-19
                        inserted successfullyRow with values: Jian, Jackson, 1265723964083, 1992-6-11
                        inserted successfullyRow with values: Sofia, Carlin, 9958800402825, 1983-10-28
                        inserted successfullyRow with values: Bill, Anderson, 9285884454828, 1994-8-15
                        inserted successfullyRow with values: Saint, SanHacks, 9854305817220, 1953-4-27
                        inserted successfullyRow with values: Jian, Yang, 2378494376317, 1990-2-5
                        inserted successfullyRow with values: Millie, Hall, 4107529024206, 1962-11-18
                        inserted successfullyRow with values: Helena, Sifhufhi, 1787984007154, 2015-3-11
                        inserted successfullyRow with values: Millie, Sifhufhi, 6253244787028, 1951-1-4
                        inserted successfullyRow with values: Saint, Betram, 8230097831027, 1979-4-12
                        inserted successfullyRow with values: Emily, Betram, 9126979408165, 2017-12-2
                        inserted successfullyRow with values: Ava, Garcia, 2073166859016, 1957-11-19
                        inserted successfullyRow with values: Adrian, Bean, 4823501067981, 1984-8-19
                        inserted successfullyRow with values: Ron, Bean, 6957431307138, 2007-6-18
                        inserted successfullyRow with values: Gabe, Swanson, 3520533023881, 1962-3-5
                        inserted successfullyRow with values: Helena, Hall, 9937365260910, 1956-2-11
                        inserted successfullyRow with values: DevProx, Sifhufhi, 1960710631945, 1961-4-13
                        inserted successfullyRow with values: Ron, Martinez, 1640545909599, 1992-3-17
                        inserted successfullyRow with values: Gilfoyle, Anderson, 9495957648583, 2003-2-8
                        inserted successfullyRow with values: Sofia, Swanson, 7516668176198, 1995-7-23
                        inserted successfullyRow with values: Emily, Bean, 9668302945507, 2014-8-11
                        inserted successfullyRow with values: Amelia, Sifhufhi, 6830530906562, 1957-4-11
                        inserted successfullyRow with values: Saint, Burr, 8033070132454, 1964-8-11
                        inserted successfullyRow with values: Amelia, Jackson, 1079504816967, 1986-8-27
                        inserted successfullyRow with values: Emily, Mashudu, 9241719333034, 1981-10-25
                        inserted successfullyRow with values: Adrian, Yang, 7029028608214, 1963-2-25
                        inserted successfullyRow with values: Gilfoyle, Jackson, 7890476850082, 1966-6-4
                        inserted successfullyRow with values: Jian, Rogen, 9715407196719, 1961-2-22
                        inserted successfullyRow with values: Adrian, San, 6624663256917, 1981-7-26
                        inserted successfullyRow with values: Adrian, Yang, 3872527831446, 1989-6-20
                        inserted successfullyRow with values: Borat, Anderson, 6265722654728, 1956-7-18
                        inserted successfullyRow with values: Gilfoyle, San, 8782962257511, 1953-9-28
                        inserted successfullyRow with values: Ron, Burr, 4544691817550, 1959-7-4
                        inserted successfullyRow with values: Ron, Rogen, 1646049155495, 1966-8-13
                        inserted successfullyRow with values: DevProx, Martin, 6163342213701, 2008-1-26
                        inserted successfullyRow with values: Seth, Betram, 7214128606181, 1981-5-14
                        inserted successfullyRow with values: Ron, Bean, 9406089112827, 1982-1-22
                        inserted successfullyRow with values: Adrian, Rogen, 3554091544272, 1965-8-14
                        inserted successfullyRow with values: Gilfoyle, Burr, 1924080759783, 1996-5-28
                        inserted successfullyRow with values: Sofia, Bighetti, 6023588285622, 1952-10-27
                        inserted successfullyRow with values: Ava, Betram, 7922054254153, 2004-8-6
                        inserted successfullyRow with values: Borat, Mashudu, 6657341201064, 1991-12-22
                        inserted successfullyRow with values: Aria, Carlin, 5730466723819, 2003-3-28
                        inserted successfullyRow with values: Millie, San, 5905865185899, 1978-8-6
                        inserted successfullyRow with values: Gabe, Garcia, 1111484868379, 1962-12-2
                        inserted successfullyRow with values: Amelia, Mulalo, 1710344063575, 2017-9-13
                        inserted successfullyRow with values: Adrian, Martin, 1455508902197, 2015-6-27
                        inserted successfullyRow with values: Seth, Burr, 9583346522613, 1961-5-13
                        inserted successfullyRow with values: Aria, Martinez, 6477302364738, 2017-6-27
                        inserted successfullyRow with values: Helena, Swanson, 4864712686311, 1966-7-6
                        inserted successfullyRow with values: Saint, Rogen, 9900839266445, 1995-8-24
                        inserted successfullyRow with values: Amelia, Martinez, 5664231515248, 1958-2-10
                        inserted successfullyRow with values: Amelia, Hall, 8566393099880, 1957-6-8
                        inserted successfullyRow with values: Gabe, Garcia, 9493405435162, 1981-12-10
                        inserted successfullyRow with values: Evelyn, Sifhufhi, 4826354634862, 2002-7-7
                        inserted successfullyRow with values: Gabe, Swanson, 1521394828159, 1971-9-22
                        inserted successfullyRow with values: Gilfoyle, SanHacks, 5272255471132, 2000-1-26
                        inserted successfullyRow with values: Seth, Rogen, 1109568471021, 1983-4-16
                        inserted successfullyRow with values: Millie, Sagdiev, 9345306390057, 1971-4-4
                        inserted successfullyRow with values: Bill, Martin, 3465074024955, 1997-10-26
                        inserted successfullyRow with values: Evelyn, Rogen, 2267982658180, 1974-4-19
                        inserted successfullyRow with values: Bill, Betram, 3815016703022, 1980-8-13
                        inserted successfullyRow with values: Emily, Martinez, 8232004123074, 2002-10-12
                        inserted successfullyRow with values: Gundo, Bighetti, 5159600693994, 2004-4-13
                        inserted successfully